android-deployment/app/build/intermediates/manifest_merge_blame_file/debug/manifest-merger-blame-debug-report.txt
1<?xml version="1.0" encoding="utf-8"?>
2<manifest xmlns:android="http://schemas.android.com/apk/res/android"
3    package="com.flashmas.app"
4    android:versionCode="1"
5    android:versionName="1.0" >
6
7    <uses-sdk
8        android:minSdkVersion="21"
8-->src/main/AndroidManifest.xml
9        android:targetSdkVersion="29" />
9-->src/main/AndroidManifest.xml
10
11    <!-- Network permissions needed for communication -->
12    <uses-permission android:name="android.permission.INTERNET" />
12-->[:flash] AndroidManifest.xml:12:5-67
12-->[:flash] AndroidManifest.xml:12:22-64
13    <uses-permission android:name="android.permission.ACCESS_NETWORK_STATE" />
13-->[:flash] AndroidManifest.xml:13:5-79
13-->[:flash] AndroidManifest.xml:13:22-76
14    <uses-permission android:name="android.permission.FOREGROUND_SERVICE" />
14-->[:flash] AndroidManifest.xml:14:5-77
14-->[:flash] AndroidManifest.xml:14:22-74
15
16    <application
16-->src/main/AndroidManifest.xml:6:5-22:19
17        android:name="com.flashmas.app.FlashApplication"
17-->src/main/AndroidManifest.xml:7:9-57
18        android:allowBackup="true"
18-->src/main/AndroidManifest.xml:8:9-35
19        android:appComponentFactory="androidx.core.app.CoreComponentFactory"
19-->[androidx.core:core:1.1.0] AndroidManifest.xml:24:18-86
20        android:debuggable="true"
21        android:icon="@mipmap/ic_launcher"
21-->src/main/AndroidManifest.xml:9:9-43
22        android:label="@string/app_name"
22-->src/main/AndroidManifest.xml:10:9-41
23        android:supportsRtl="true"
23-->src/main/AndroidManifest.xml:11:9-35
24        android:theme="@style/FlashMaterialTheme" >
24-->src/main/AndroidManifest.xml:12:9-50
25        <activity android:name="com.flashmas.app.MainActivity" >
25-->src/main/AndroidManifest.xml:15:9-21:20
25-->src/main/AndroidManifest.xml:15:19-47
26            <intent-filter>
26-->src/main/AndroidManifest.xml:16:13-20:29
27                <action android:name="android.intent.action.MAIN" />
27-->src/main/AndroidManifest.xml:17:17-69
27-->src/main/AndroidManifest.xml:17:25-66
28
29                <category android:name="android.intent.category.LAUNCHER" />
29-->src/main/AndroidManifest.xml:19:17-77
29-->src/main/AndroidManifest.xml:19:27-74
30            </intent-filter>
31        </activity>
32
33        <service android:name="com.flashmas.lib.NodeForegroundService" />
33-->[:flash] AndroidManifest.xml:17:9-74
33-->[:flash] AndroidManifest.xml:17:18-71
34    </application>
35
36</manifest>